0 info it worked if it ends with ok
1 verbose cli [ '/usr/local/bin/node',
1 verbose cli   '/usr/local/bin/npm',
1 verbose cli   'install',
1 verbose cli   '-g',
1 verbose cli   'ionic' ]
2 info using npm@2.15.5
3 info using node@v4.4.5
4 verbose install initial load of /usr/local/lib/package.json
5 verbose readDependencies loading dependencies from /usr/local/lib/package.json
6 silly cache add args [ 'ionic', null ]
7 verbose cache add spec ionic
8 silly cache add parsed spec Result {
8 silly cache add   raw: 'ionic',
8 silly cache add   scope: null,
8 silly cache add   name: 'ionic',
8 silly cache add   rawSpec: '',
8 silly cache add   spec: 'latest',
8 silly cache add   type: 'tag' }
9 silly addNamed ionic@latest
10 verbose addNamed "latest" is being treated as a dist-tag for ionic
11 info addNameTag [ 'ionic', 'latest' ]
12 silly mapToRegistry name ionic
13 silly mapToRegistry using default registry
14 silly mapToRegistry registry https://registry.npmjs.org/
15 silly mapToRegistry data Result {
15 silly mapToRegistry   raw: 'ionic',
15 silly mapToRegistry   scope: null,
15 silly mapToRegistry   name: 'ionic',
15 silly mapToRegistry   rawSpec: '',
15 silly mapToRegistry   spec: 'latest',
15 silly mapToRegistry   type: 'tag' }
16 silly mapToRegistry uri https://registry.npmjs.org/ionic
17 verbose addNameTag registry:https://registry.npmjs.org/ionic not in flight; fetching
18 verbose request uri https://registry.npmjs.org/ionic
19 verbose request no auth needed
20 info attempt registry request try #1 at 7:43:38 AM
21 verbose request using bearer token for auth
22 verbose request id 01fe87c302f1ac71
23 verbose etag "2VSN4LKJ7MN7KY8AJ5D6IU8PB"
24 http request GET https://registry.npmjs.org/ionic
25 http 304 https://registry.npmjs.org/ionic
26 verbose headers { 'cache-control': 'max-age=300',
26 verbose headers   'accept-ranges': 'bytes',
26 verbose headers   date: 'Fri, 05 Aug 2016 21:43:38 GMT',
26 verbose headers   via: '1.1 varnish',
26 verbose headers   connection: 'keep-alive',
26 verbose headers   'x-served-by': 'cache-syd1626-SYD',
26 verbose headers   'x-cache': 'MISS',
26 verbose headers   'x-cache-hits': '0',
26 verbose headers   'x-timer': 'S1470433418.135487,VS0,VE221',
26 verbose headers   vary: 'Accept-Encoding' }
27 silly get cb [ 304,
27 silly get   { 'cache-control': 'max-age=300',
27 silly get     'accept-ranges': 'bytes',
27 silly get     date: 'Fri, 05 Aug 2016 21:43:38 GMT',
27 silly get     via: '1.1 varnish',
27 silly get     connection: 'keep-alive',
27 silly get     'x-served-by': 'cache-syd1626-SYD',
27 silly get     'x-cache': 'MISS',
27 silly get     'x-cache-hits': '0',
27 silly get     'x-timer': 'S1470433418.135487,VS0,VE221',
27 silly get     vary: 'Accept-Encoding' } ]
28 verbose etag https://registry.npmjs.org/ionic from cache
29 verbose get saving ionic to /Users/anthonyshaw/.npm/registry.npmjs.org/ionic/.cache.json
30 verbose correctMkdir /Users/anthonyshaw/.npm correctMkdir not in flight; initializing
31 silly addNameTag next cb for ionic with tag latest
32 silly addNamed ionic@1.7.16
33 verbose addNamed "1.7.16" is a plain semver version for ionic
34 silly cache afterAdd ionic@1.7.16
35 verbose afterAdd /Users/anthonyshaw/.npm/ionic/1.7.16/package/package.json not in flight; writing
36 verbose correctMkdir /Users/anthonyshaw/.npm correctMkdir not in flight; initializing
37 verbose afterAdd /Users/anthonyshaw/.npm/ionic/1.7.16/package/package.json written
38 silly install resolved [ { name: 'ionic',
38 silly install resolved     version: '1.7.16',
38 silly install resolved     preferGlobal: true,
38 silly install resolved     description: 'A tool for creating and developing Ionic Framework mobile apps.',
38 silly install resolved     homepage: 'http://ionicframework.com/',
38 silly install resolved     bin: { ionic: 'bin/ionic' },
38 silly install resolved     scripts:
38 silly install resolved      { bump: 'node lib/tasks/bumpversion',
38 silly install resolved        'beta-bump': 'node lib/tasks/bumpversion --level pre --identifier beta',
38 silly install resolved        'publish-release': 'node lib/tasks/bumpversion --npmPublish',
38 silly install resolved        'publish-tag': 'node lib/tasks/bumpversion --level beta --npmPublishTag',
38 silly install resolved        'full-release': 'node lib/tasks/bumpversion --npmInstall --git --npmPublish',
38 silly install resolved        test: 'npm run jasmine',
38 silly install resolved        coveralls: 'istanbul cover node_modules/jasmine-node/bin/jasmine-node --captureExceptions spec/ && cat coverage/lcov.info | node_modules/coveralls/bin/coveralls.js && rm -rf coverage',
38 silly install resolved        e2e: 'jasmine-node --captureExceptions e2e/',
38 silly install resolved        jasmine: 'jasmine-node --captureExceptions  spec/' },
38 silly install resolved     keywords:
38 silly install resolved      [ 'ionic',
38 silly install resolved        'ionic framework',
38 silly install resolved        'ionicframework',
38 silly install resolved        'mobile',
38 silly install resolved        'app',
38 silly install resolved        'hybrid',
38 silly install resolved        'cordova',
38 silly install resolved        'phonegap' ],
38 silly install resolved     repository:
38 silly install resolved      { type: 'git',
38 silly install resolved        url: 'git+https://github.com/driftyco/ionic-cli.git' },
38 silly install resolved     contributors: [ [Object], [Object], [Object], [Object] ],
38 silly install resolved     license: 'MIT',
38 silly install resolved     dependencies:
38 silly install resolved      { async: '^0.9.0',
38 silly install resolved        cheerio: '^0.19.0',
38 silly install resolved        'cli-table': '^0.3.1',
38 silly install resolved        colors: '0.6.2',
38 silly install resolved        connect: '3.1.1',
38 silly install resolved        'connect-livereload': '0.5.2',
38 silly install resolved        crc: '3.2.1',
38 silly install resolved        'cross-spawn': '0.2.3',
38 silly install resolved        'event-stream': '3.0.x',
38 silly install resolved        'expand-tilde': '^1.2.0',
38 silly install resolved        finalhandler: '0.2.0',
38 silly install resolved        'form-data': '0.1.4',
38 silly install resolved        gulp: '3.8.8',
38 silly install resolved        'ionic-app-lib': '0.7.3',
38 silly install resolved        moment: '^2.10.6',
38 silly install resolved        ncp: '0.4.2',
38 silly install resolved        npm: '2.1.3',
38 silly install resolved        open: '0.0.5',
38 silly install resolved        optimist: '0.6.0',
38 silly install resolved        progress: '1.1.7',
38 silly install resolved        prompt: '0.2.12',
38 silly install resolved        'proxy-middleware': '^0.7.0',
38 silly install resolved        q: '1.0.1',
38 silly install resolved        request: '2.51.0',
38 silly install resolved        semver: '^4.2.0',
38 silly install resolved        'serve-static': '1.7.1',
38 silly install resolved        shelljs: '0.2.6',
38 silly install resolved        'tiny-lr-fork': '0.0.5',
38 silly install resolved        underscore: '~1.7.0',
38 silly install resolved        unzip: '0.1.9',
38 silly install resolved        'vinyl-fs': '0.3.7',
38 silly install resolved        xml2js: '0.4.4' },
38 silly install resolved     devDependencies:
38 silly install resolved      { istanbul: '^0.4.3',
38 silly install resolved        'jasmine-node': '^1.14.5',
38 silly install resolved        rewire: '^2.3.4',
38 silly install resolved        coveralls: '^2.2.0' },
38 silly install resolved     gitHead: '18c567549d82beaa921c2afcd4abbd6c2c2ff402',
38 silly install resolved     bugs: { url: 'https://github.com/driftyco/ionic-cli/issues' },
38 silly install resolved     bundleDependencies:
38 silly install resolved      [ 'async',
38 silly install resolved        'cheerio',
38 silly install resolved        'cli-table',
38 silly install resolved        'colors',
38 silly install resolved        'connect',
38 silly install resolved        'connect-livereload',
38 silly install resolved        'crc',
38 silly install resolved        'cross-spawn',
38 silly install resolved        'event-stream',
38 silly install resolved        'expand-tilde',
38 silly install resolved        'finalhandler',
38 silly install resolved        'form-data',
38 silly install resolved        'gulp',
38 silly install resolved        'ionic-app-lib',
38 silly install resolved        'moment',
38 silly install resolved        'ncp',
38 silly install resolved        'npm',
38 silly install resolved        'open',
38 silly install resolved        'optimist',
38 silly install resolved        'progress',
38 silly install resolved        'prompt',
38 silly install resolved        'proxy-middleware',
38 silly install resolved        'q',
38 silly install resolved        'request',
38 silly install resolved        'semver',
38 silly install resolved        'serve-static',
38 silly install resolved        'shelljs',
38 silly install resolved        'tiny-lr-fork',
38 silly install resolved        'underscore',
38 silly install resolved        'unzip',
38 silly install resolved        'vinyl-fs',
38 silly install resolved        'xml2js' ],
38 silly install resolved     _id: 'ionic@1.7.16',
38 silly install resolved     _shasum: 'aeff62ee70b10b1563d85b9d4ea7005640bbc584',
38 silly install resolved     _from: 'ionic@latest',
38 silly install resolved     _npmVersion: '2.15.8',
38 silly install resolved     _nodeVersion: '5.11.1',
38 silly install resolved     _npmUser: { name: 'tlancina', email: 'tim@ionic.io' },
38 silly install resolved     dist:
38 silly install resolved      { shasum: 'aeff62ee70b10b1563d85b9d4ea7005640bbc584',
38 silly install resolved        tarball: 'https://registry.npmjs.org/ionic/-/ionic-1.7.16.tgz' },
38 silly install resolved     maintainers: [ [Object], [Object], [Object], [Object], [Object], [Object] ],
38 silly install resolved     _npmOperationalInternal:
38 silly install resolved      { host: 'packages-12-west.internal.npmjs.com',
38 silly install resolved        tmp: 'tmp/ionic-1.7.16.tgz_1466719271098_0.49172955146059394' },
38 silly install resolved     directories: {},
38 silly install resolved     _resolved: 'https://registry.npmjs.org/ionic/-/ionic-1.7.16.tgz',
38 silly install resolved     readme: 'ERROR: No README data found!' } ]
39 info install ionic@1.7.16 into /usr/local/lib
40 info installOne ionic@1.7.16
41 verbose installOne of ionic to /usr/local/lib not in flight; installing
42 verbose correctMkdir /Users/anthonyshaw/.npm/_locks correctMkdir not in flight; initializing
43 verbose lock using /Users/anthonyshaw/.npm/_locks/ionic-61c0cd50dc7a1457.lock for /usr/local/lib/node_modules/ionic
44 silly install write writing ionic 1.7.16 to /usr/local/lib/node_modules/ionic
45 verbose unbuild lib/node_modules/ionic
46 info preuninstall ionic@1.7.16
47 info uninstall ionic@1.7.16
48 verbose unbuild rmStuff ionic@1.7.16 from /usr/local/lib/node_modules
49 silly gentlyRm /usr/local/bin/ionic is being gently removed
50 silly gentlyRm verifying /usr/local is an npm working directory
51 silly gentlyRm containing path /usr/local is under npm's control, in /usr/local
52 silly gentlyRm deletion target /usr/local/bin/ionic is under /usr/local
53 verbose gentlyRm vacuuming from /usr/local/bin/ionic up to /usr/local
54 silly vacuum-fs removing /usr/local/bin/ionic
55 verbose unlock done using /Users/anthonyshaw/.npm/_locks/ionic-61c0cd50dc7a1457.lock for /usr/local/lib/node_modules/ionic
56 verbose stack Error: EACCES: permission denied, unlink '/usr/local/bin/ionic'
56 verbose stack     at Error (native)
57 verbose cwd /Users/anthonyshaw/repo/qflab/mobile
58 error Darwin 15.6.0
59 error argv "/usr/local/bin/node" "/usr/local/bin/npm" "install" "-g" "ionic"
60 error node v4.4.5
61 error npm  v2.15.5
62 error path /usr/local/bin/ionic
63 error code EACCES
64 error errno -13
65 error syscall unlink
66 error Error: EACCES: permission denied, unlink '/usr/local/bin/ionic'
66 error     at Error (native)
66 error  { [Error: EACCES: permission denied, unlink '/usr/local/bin/ionic']
66 error   errno: -13,
66 error   code: 'EACCES',
66 error   syscall: 'unlink',
66 error   path: '/usr/local/bin/ionic' }
67 error Please try running this command again as root/Administrator.
68 verbose exit [ -13, true ]
69 verbose unbuild lib/node_modules/ionic
70 info preuninstall ionic@1.7.16
71 info uninstall ionic@1.7.16
72 verbose unbuild rmStuff ionic@1.7.16 from /usr/local/lib/node_modules
73 silly gentlyRm /usr/local/bin/ionic is being gently removed
74 silly gentlyRm verifying /usr/local is an npm working directory
75 silly gentlyRm containing path /usr/local is under npm's control, in /usr/local
76 silly gentlyRm deletion target /usr/local/bin/ionic is under /usr/local
77 verbose gentlyRm vacuuming from /usr/local/bin/ionic up to /usr/local
78 silly vacuum-fs removing /usr/local/bin/ionic
79 error error rolling back Error: EACCES: permission denied, unlink '/usr/local/bin/ionic'
79 error error rolling back     at Error (native)
79 error error rolling back  { [Error: EACCES: permission denied, unlink '/usr/local/bin/ionic']
79 error error rolling back   errno: -13,
79 error error rolling back   code: 'EACCES',
79 error error rolling back   syscall: 'unlink',
79 error error rolling back   path: '/usr/local/bin/ionic' }
